<?xml version="1.0" encoding="UTF-8"?>
<testsuite xmlns:xsi="http://www.w3.org/2001/XMLSchema-instance" xsi:schemaLocation="https://maven.apache.org/surefire/maven-surefire-plugin/xsd/surefire-test-report.xsd" name="TestSuite" time="153.939" tests="6" errors="0" skipped="0" failures="0">
  <properties>
[...]
</properties>
  <testcase name="loginPage" classname="tests.TC001_Login" time="7.089"/>
  <testcase name="loginPage" classname="tests.TC001_Login" time="3.118"/>
  <testcase name="createLead" classname="tests.TC002_CreateLead" time="16.714"/>
  <testcase name="createLead" classname="tests.TC002_CreateLead" time="13.911"/>
  <testcase name="createLead" classname="tests.TC003_EditLead" time="18.832"/>
  <testcase name="createLead" classname="tests.TC003_EditLead" time="17.657"/>
</testsuite>