<?xml version="1.0" encoding="UTF-8"?>
<testng-results skipped="0" failed="0" total="6" passed="6">
  <reporter-output>
  </reporter-output>
  <suite name="TestSuite" duration-ms="212321" started-at="2017-11-03T15:00:34Z" finished-at="2017-11-03T15:04:06Z">
    <groups>
    </groups>
    <test name="Test" duration-ms="212321" started-at="2017-11-03T15:00:34Z" finished-at="2017-11-03T15:04:06Z">
      <class name="tests.TC003_EditLead">
        <test-method status="PASS" signature="beforeClass()[pri:0, instance:tests.TC003_EditLead@feb3fa]" name="beforeClass" is-config="true" duration-ms="0" started-at="2017-11-03T20:32:16Z" finished-at="2017-11-03T20:32:16Z">
          <reporter-output>
          </reporter-output>
        </test-method> <!-- beforeClass -->
        <test-method status="PASS" signature="login(java.lang.String, java.lang.String)[pri:0, instance:tests.TC003_EditLead@feb3fa]" name="login" is-config="true" duration-ms="14652" started-at="2017-11-03T20:32:16Z" finished-at="2017-11-03T20:32:31Z">
          <params>
            <param index="0">
              <value>
                <![CDATA[chrome]]>
              </value>
            </param>
            <param index="1">
              <value>
                <![CDATA[http://leaftaps.com/opentaps]]>
              </value>
            </param>
          </params>
          <reporter-output>
          </reporter-output>
        </test-method> <!-- login -->
        <test-method status="PASS" signature="createLead(java.lang.String, java.lang.String, java.lang.String, java.lang.String, java.lang.String)[pri:0, instance:tests.TC003_EditLead@feb3fa]" name="createLead" duration-ms="21947" started-at="2017-11-03T20:32:31Z" data-provider="fetchExcelData" finished-at="2017-11-03T20:32:52Z">
          <params>
            <param index="0">
              <value>
                <![CDATA[DemoSalesManager]]>
              </value>
            </param>
            <param index="1">
              <value>
                <![CDATA[crmsfa]]>
              </value>
            </param>
            <param index="2">
              <value>
                <![CDATA[Capgemini]]>
              </value>
            </param>
            <param index="3">
              <value>
                <![CDATA[Anvar]]>
              </value>
            </param>
            <param index="4">
              <value>
                <![CDATA[K]]>
              </value>
            </param>
          </params>
          <reporter-output>
          </reporter-output>
        </test-method> <!-- createLead -->
        <test-method status="PASS" signature="close()[pri:0, instance:tests.TC003_EditLead@feb3fa]" name="close" is-config="true" duration-ms="2477" started-at="2017-11-03T20:32:52Z" finished-at="2017-11-03T20:32:55Z">
          <reporter-output>
          </reporter-output>
        </test-method> <!-- close -->
        <test-method status="PASS" signature="login(java.lang.String, java.lang.String)[pri:0, instance:tests.TC003_EditLead@feb3fa]" name="login" is-config="true" duration-ms="14308" started-at="2017-11-03T20:32:55Z" finished-at="2017-11-03T20:33:09Z">
          <params>
            <param index="0">
              <value>
                <![CDATA[chrome]]>
              </value>
            </param>
            <param index="1">
              <value>
                <![CDATA[http://leaftaps.com/opentaps]]>
              </value>
            </param>
          </params>
          <reporter-output>
          </reporter-output>
        </test-method> <!-- login -->
        <test-method status="PASS" signature="createLead(java.lang.String, java.lang.String, java.lang.String, java.lang.String, java.lang.String)[pri:0, instance:tests.TC003_EditLead@feb3fa]" name="createLead" duration-ms="44330" started-at="2017-11-03T20:33:09Z" data-provider="fetchExcelData" finished-at="2017-11-03T20:33:54Z">
          <params>
            <param index="0">
              <value>
                <![CDATA[DemoCSR]]>
              </value>
            </param>
            <param index="1">
              <value>
                <![CDATA[crmsfa]]>
              </value>
            </param>
            <param index="2">
              <value>
                <![CDATA[Infosys]]>
              </value>
            </param>
            <param index="3">
              <value>
                <![CDATA[Kumar]]>
              </value>
            </param>
            <param index="4">
              <value>
                <![CDATA[P]]>
              </value>
            </param>
          </params>
          <reporter-output>
          </reporter-output>
        </test-method> <!-- createLead -->
        <test-method status="PASS" signature="close()[pri:0, instance:tests.TC003_EditLead@feb3fa]" name="close" is-config="true" duration-ms="11763" started-at="2017-11-03T20:33:54Z" finished-at="2017-11-03T20:34:06Z">
          <reporter-output>
          </reporter-output>
        </test-method> <!-- close -->
        <test-method status="PASS" signature="afterClass()[pri:0, instance:tests.TC003_EditLead@feb3fa]" name="afterClass" is-config="true" duration-ms="1" started-at="2017-11-03T20:34:06Z" finished-at="2017-11-03T20:34:06Z">
          <reporter-output>
          </reporter-output>
        </test-method> <!-- afterClass -->
      </class> <!-- tests.TC003_EditLead -->
      <class name="tests.TC001_Login">
        <test-method status="PASS" signature="beforeSuite()[pri:0, instance:tests.TC001_Login@e2cbe0]" name="beforeSuite" is-config="true" duration-ms="1320" started-at="2017-11-03T20:30:32Z" finished-at="2017-11-03T20:30:34Z">
          <reporter-output>
          </reporter-output>
        </test-method> <!-- beforeSuite -->
        <test-method status="PASS" signature="beforeClass()[pri:0, instance:tests.TC001_Login@e2cbe0]" name="beforeClass" is-config="true" duration-ms="1" started-at="2017-11-03T20:30:34Z" finished-at="2017-11-03T20:30:34Z">
          <reporter-output>
          </reporter-output>
        </test-method> <!-- beforeClass -->
        <test-method status="PASS" signature="login(java.lang.String, java.lang.String)[pri:0, instance:tests.TC001_Login@e2cbe0]" name="login" is-config="true" duration-ms="25748" started-at="2017-11-03T20:30:35Z" finished-at="2017-11-03T20:31:01Z">
          <params>
            <param index="0">
              <value>
                <![CDATA[chrome]]>
              </value>
            </param>
            <param index="1">
              <value>
                <![CDATA[http://leaftaps.com/opentaps]]>
              </value>
            </param>
          </params>
          <reporter-output>
          </reporter-output>
        </test-method> <!-- login -->
        <test-method status="PASS" signature="loginPage(java.lang.String, java.lang.String, java.lang.String)[pri:0, instance:tests.TC001_Login@e2cbe0]" name="loginPage" duration-ms="4168" started-at="2017-11-03T20:31:01Z" data-provider="fetchExcelData" finished-at="2017-11-03T20:31:05Z">
          <params>
            <param index="0">
              <value>
                <![CDATA[DemoSalesManager]]>
              </value>
            </param>
            <param index="1">
              <value>
                <![CDATA[crmsfa]]>
              </value>
            </param>
            <param index="2">
              <value>
                <![CDATA[]]>
              </value>
            </param>
          </params>
          <reporter-output>
          </reporter-output>
        </test-method> <!-- loginPage -->
        <test-method status="PASS" signature="close()[pri:0, instance:tests.TC001_Login@e2cbe0]" name="close" is-config="true" duration-ms="853" started-at="2017-11-03T20:31:05Z" finished-at="2017-11-03T20:31:06Z">
          <reporter-output>
          </reporter-output>
        </test-method> <!-- close -->
        <test-method status="PASS" signature="login(java.lang.String, java.lang.String)[pri:0, instance:tests.TC001_Login@e2cbe0]" name="login" is-config="true" duration-ms="12648" started-at="2017-11-03T20:31:06Z" finished-at="2017-11-03T20:31:19Z">
          <params>
            <param index="0">
              <value>
                <![CDATA[chrome]]>
              </value>
            </param>
            <param index="1">
              <value>
                <![CDATA[http://leaftaps.com/opentaps]]>
              </value>
            </param>
          </params>
          <reporter-output>
          </reporter-output>
        </test-method> <!-- login -->
        <test-method status="PASS" signature="loginPage(java.lang.String, java.lang.String, java.lang.String)[pri:0, instance:tests.TC001_Login@e2cbe0]" name="loginPage" duration-ms="3267" started-at="2017-11-03T20:31:19Z" data-provider="fetchExcelData" finished-at="2017-11-03T20:31:22Z">
          <params>
            <param index="0">
              <value>
                <![CDATA[DemoCSR]]>
              </value>
            </param>
            <param index="1">
              <value>
                <![CDATA[dsfdsf]]>
              </value>
            </param>
            <param index="2">
              <value>
                <![CDATA[]]>
              </value>
            </param>
          </params>
          <reporter-output>
          </reporter-output>
        </test-method> <!-- loginPage -->
        <test-method status="PASS" signature="close()[pri:0, instance:tests.TC001_Login@e2cbe0]" name="close" is-config="true" duration-ms="377" started-at="2017-11-03T20:31:22Z" finished-at="2017-11-03T20:31:22Z">
          <reporter-output>
          </reporter-output>
        </test-method> <!-- close -->
        <test-method status="PASS" signature="afterClass()[pri:0, instance:tests.TC001_Login@e2cbe0]" name="afterClass" is-config="true" duration-ms="0" started-at="2017-11-03T20:31:22Z" finished-at="2017-11-03T20:31:22Z">
          <reporter-output>
          </reporter-output>
        </test-method> <!-- afterClass -->
        <test-method status="PASS" signature="afterTest()[pri:0, instance:tests.TC001_Login@e2cbe0]" name="afterTest" is-config="true" duration-ms="78" started-at="2017-11-03T20:34:06Z" finished-at="2017-11-03T20:34:06Z">
          <reporter-output>
          </reporter-output>
        </test-method> <!-- afterTest -->
        <test-method status="PASS" signature="afterSuite()[pri:0, instance:tests.TC001_Login@e2cbe0]" name="afterSuite" is-config="true" duration-ms="7051" started-at="2017-11-03T20:34:22Z" finished-at="2017-11-03T20:34:29Z">
          <reporter-output>
          </reporter-output>
        </test-method> <!-- afterSuite -->
      </class> <!-- tests.TC001_Login -->
      <class name="tests.TC002_CreateLead">
        <test-method status="PASS" signature="beforeClass()[pri:0, instance:tests.TC002_CreateLead@be2bc2]" name="beforeClass" is-config="true" duration-ms="0" started-at="2017-11-03T20:31:22Z" finished-at="2017-11-03T20:31:22Z">
          <reporter-output>
          </reporter-output>
        </test-method> <!-- beforeClass -->
        <test-method status="PASS" signature="login(java.lang.String, java.lang.String)[pri:0, instance:tests.TC002_CreateLead@be2bc2]" name="login" is-config="true" duration-ms="8511" started-at="2017-11-03T20:31:22Z" finished-at="2017-11-03T20:31:31Z">
          <params>
            <param index="0">
              <value>
                <![CDATA[chrome]]>
              </value>
            </param>
            <param index="1">
              <value>
                <![CDATA[http://leaftaps.com/opentaps]]>
              </value>
            </param>
          </params>
          <reporter-output>
          </reporter-output>
        </test-method> <!-- login -->
        <test-method status="PASS" signature="createLead(java.lang.String, java.lang.String, java.lang.String, java.lang.String, java.lang.String)[pri:0, instance:tests.TC002_CreateLead@be2bc2]" name="createLead" duration-ms="17818" started-at="2017-11-03T20:31:31Z" data-provider="fetchExcelData" finished-at="2017-11-03T20:31:49Z">
          <params>
            <param index="0">
              <value>
                <![CDATA[DemoSalesManager]]>
              </value>
            </param>
            <param index="1">
              <value>
                <![CDATA[crmsfa]]>
              </value>
            </param>
            <param index="2">
              <value>
                <![CDATA[Capgemini]]>
              </value>
            </param>
            <param index="3">
              <value>
                <![CDATA[Anvar]]>
              </value>
            </param>
            <param index="4">
              <value>
                <![CDATA[K]]>
              </value>
            </param>
          </params>
          <reporter-output>
          </reporter-output>
        </test-method> <!-- createLead -->
        <test-method status="PASS" signature="close()[pri:0, instance:tests.TC002_CreateLead@be2bc2]" name="close" is-config="true" duration-ms="2409" started-at="2017-11-03T20:31:49Z" finished-at="2017-11-03T20:31:51Z">
          <reporter-output>
          </reporter-output>
        </test-method> <!-- close -->
        <test-method status="PASS" signature="login(java.lang.String, java.lang.String)[pri:0, instance:tests.TC002_CreateLead@be2bc2]" name="login" is-config="true" duration-ms="8365" started-at="2017-11-03T20:31:51Z" finished-at="2017-11-03T20:32:00Z">
          <params>
            <param index="0">
              <value>
                <![CDATA[chrome]]>
              </value>
            </param>
            <param index="1">
              <value>
                <![CDATA[http://leaftaps.com/opentaps]]>
              </value>
            </param>
          </params>
          <reporter-output>
          </reporter-output>
        </test-method> <!-- login -->
        <test-method status="PASS" signature="createLead(java.lang.String, java.lang.String, java.lang.String, java.lang.String, java.lang.String)[pri:0, instance:tests.TC002_CreateLead@be2bc2]" name="createLead" duration-ms="15607" started-at="2017-11-03T20:32:00Z" data-provider="fetchExcelData" finished-at="2017-11-03T20:32:15Z">
          <params>
            <param index="0">
              <value>
                <![CDATA[DemoCSR]]>
              </value>
            </param>
            <param index="1">
              <value>
                <![CDATA[crmsfa]]>
              </value>
            </param>
            <param index="2">
              <value>
                <![CDATA[Infosys]]>
              </value>
            </param>
            <param index="3">
              <value>
                <![CDATA[Kumar]]>
              </value>
            </param>
            <param index="4">
              <value>
                <![CDATA[P]]>
              </value>
            </param>
          </params>
          <reporter-output>
          </reporter-output>
        </test-method> <!-- createLead -->
        <test-method status="PASS" signature="close()[pri:0, instance:tests.TC002_CreateLead@be2bc2]" name="close" is-config="true" duration-ms="606" started-at="2017-11-03T20:32:15Z" finished-at="2017-11-03T20:32:16Z">
          <reporter-output>
          </reporter-output>
        </test-method> <!-- close -->
        <test-method status="PASS" signature="afterClass()[pri:0, instance:tests.TC002_CreateLead@be2bc2]" name="afterClass" is-config="true" duration-ms="0" started-at="2017-11-03T20:32:16Z" finished-at="2017-11-03T20:32:16Z">
          <reporter-output>
          </reporter-output>
        </test-method> <!-- afterClass -->
      </class> <!-- tests.TC002_CreateLead -->
    </test> <!-- Test -->
  </suite> <!-- TestSuite -->
</testng-results>
