<?xml version="1.0" encoding="UTF-8"?>
<!-- Generated by org.testng.reporters.JUnitXMLReporter -->
<testsuite hostname="Mahmood" name="Test" tests="6" failures="0" timestamp="3 Nov 2017 15:04:20 GMT" time="212.321" errors="0">
  <testcase name="loginPage" time="4.168" classname="tests.TC001_Login"/>
  <testcase name="loginPage" time="3.267" classname="tests.TC001_Login"/>
  <testcase name="createLead" time="17.818" classname="tests.TC002_CreateLead"/>
  <testcase name="createLead" time="15.607" classname="tests.TC002_CreateLead"/>
  <testcase name="createLead" time="21.947" classname="tests.TC003_EditLead"/>
  <testcase name="createLead" time="44.33" classname="tests.TC003_EditLead"/>
</testsuite> <!-- Test -->
