<?xml version="1.0" encoding="UTF-8"?>
<!-- Generated by org.testng.reporters.JUnitXMLReporter -->
<testsuite hostname="Mahmood" name="Test" tests="6" failures="0" timestamp="2 Nov 2017 07:18:34 GMT" time="149.556" errors="0">
  <testcase name="loginPage" time="7.088" classname="tests.TC001_Login"/>
  <testcase name="loginPage" time="3.119" classname="tests.TC001_Login"/>
  <testcase name="createLead" time="16.715" classname="tests.TC002_CreateLead"/>
  <testcase name="createLead" time="13.912" classname="tests.TC002_CreateLead"/>
  <testcase name="createLead" time="18.835" classname="tests.TC003_EditLead"/>
  <testcase name="createLead" time="17.658" classname="tests.TC003_EditLead"/>
</testsuite> <!-- Test -->
