<?xml version="1.0" encoding="UTF-8"?>
<!-- Generated by org.testng.reporters.JUnitXMLReporter -->
<testsuite hostname="Mahmood" name="Test" tests="6" failures="0" timestamp="1 Nov 2017 12:50:43 GMT" time="163.538" errors="0">
  <testcase name="loginPage" time="6.371" classname="tests.TC001_Login"/>
  <testcase name="loginPage" time="3.447" classname="tests.TC001_Login"/>
  <testcase name="createLead" time="35.087" classname="tests.TC002_CreateLead"/>
  <testcase name="createLead" time="20.721" classname="tests.TC002_CreateLead"/>
  <testcase name="createLead" time="27.168" classname="tests.TC003_EditLead"/>
  <testcase name="createLead" time="16.519" classname="tests.TC003_EditLead"/>
</testsuite> <!-- Test -->
